2025-03-30 14:08:43,INFO,Getting the list of databases
2025-03-30 14:08:43,INFO,Databases and collections fetched successfully
2025-03-30 14:08:46,INFO,Data fetched successfully
2025-03-30 14:08:48,INFO,Reloading databases and collections
2025-03-30 14:08:48,ERROR,Error Reloading databases and collections: get_dbs_and_collections() missing 1 required positional argument: 'db_name'
2025-03-30 14:08:48,INFO,Getting the list of databases
2025-03-30 14:08:48,INFO,Databases and collections fetched successfully
2025-03-30 14:08:49,INFO,Data fetched successfully
2025-03-31 12:00:33,INFO,Reloading databases and collections
2025-03-31 12:00:33,ERROR,Error Reloading databases and collections: get_dbs_and_collections() missing 1 required positional argument: 'db_name'
2025-03-31 12:00:33,INFO,Getting the list of databases
2025-03-31 12:00:33,INFO,Databases and collections fetched successfully
2025-03-31 14:00:57,INFO,Reloading databases and collections
2025-03-31 14:00:57,ERROR,Error Reloading databases and collections: get_dbs_and_collections() missing 1 required positional argument: 'db_name'
2025-03-31 14:00:57,INFO,Getting the list of databases
2025-03-31 14:00:57,INFO,Databases and collections fetched successfully
2025-03-31 14:00:59,INFO,Data fetched successfully
2025-03-31 14:01:07,INFO,Data fetched successfully
2025-03-31 14:27:23,INFO,Reloading databases and collections
2025-03-31 14:27:23,ERROR,Error Reloading databases and collections: get_dbs_and_collections() missing 1 required positional argument: 'db_name'
2025-03-31 14:27:23,INFO,Getting the list of databases
2025-03-31 14:27:23,INFO,Databases and collections fetched successfully
2025-03-31 14:27:36,INFO,Reloading databases and collections
2025-03-31 14:27:36,ERROR,Error Reloading databases and collections: get_dbs_and_collections() missing 1 required positional argument: 'db_name'
2025-03-31 14:27:36,INFO,Getting the list of databases
2025-03-31 14:27:36,INFO,Databases and collections fetched successfully
2025-03-31 14:27:44,INFO,Data fetched successfully
2025-03-31 14:39:42,INFO,Reloading databases and collections
2025-03-31 14:39:42,ERROR,Error Reloading databases and collections: get_dbs_and_collections() missing 1 required positional argument: 'db_name'
2025-03-31 14:39:42,INFO,Getting the list of databases
2025-03-31 14:39:42,INFO,Databases and collections fetched successfully
2025-03-31 14:39:46,INFO,Data fetched successfully
2025-03-31 14:53:48,INFO,Reloading databases and collections
2025-03-31 14:53:48,ERROR,Error Reloading databases and collections: get_dbs_and_collections() missing 1 required positional argument: 'db_name'
2025-03-31 14:53:48,INFO,Getting the list of databases
2025-03-31 14:53:48,INFO,Databases and collections fetched successfully
2025-03-31 14:53:53,INFO,Data fetched successfully
2025-03-31 14:53:55,INFO,Data fetched successfully
2025-03-31 15:00:22,INFO,Reloading databases and collections
2025-03-31 15:00:22,ERROR,Error Reloading databases and collections: get_dbs_and_collections() missing 1 required positional argument: 'db_name'
2025-03-31 15:00:22,INFO,Getting the list of databases
2025-03-31 15:00:22,INFO,Databases and collections fetched successfully
2025-03-31 15:00:26,INFO,Data fetched successfully
2025-03-31 15:10:03,INFO,Reloading databases and collections
2025-03-31 15:10:03,ERROR,Error Reloading databases and collections: get_dbs_and_collections() missing 1 required positional argument: 'db_name'
2025-03-31 15:10:03,INFO,Getting the list of databases
2025-03-31 15:10:03,INFO,Databases and collections fetched successfully
2025-03-31 15:10:06,INFO,Data fetched successfully
2025-03-31 15:10:18,INFO,Data fetched successfully
2025-03-31 15:12:21,INFO,Reloading databases and collections
2025-03-31 15:12:21,ERROR,Error Reloading databases and collections: get_dbs_and_collections() missing 1 required positional argument: 'db_name'
2025-03-31 15:12:21,INFO,Getting the list of databases
2025-03-31 15:12:21,INFO,Databases and collections fetched successfully
2025-03-31 15:12:29,INFO,Data fetched successfully
2025-03-31 15:20:28,INFO,Reloading databases and collections
2025-03-31 15:20:28,ERROR,Error Reloading databases and collections: get_dbs_and_collections() missing 1 required positional argument: 'db_name'
2025-03-31 15:20:28,INFO,Getting the list of databases
2025-03-31 15:20:28,INFO,Databases and collections fetched successfully
2025-03-31 15:20:36,INFO,Data fetched successfully
2025-03-31 15:59:56,INFO,Reloading databases and collections
2025-03-31 15:59:56,ERROR,Error Reloading databases and collections: get_dbs_and_collections() missing 1 required positional argument: 'db_name'
2025-03-31 15:59:56,INFO,Getting the list of databases
2025-03-31 15:59:56,INFO,Databases and collections fetched successfully
2025-03-31 16:00:02,INFO,Data fetched successfully
2025-03-31 16:06:40,INFO,Reloading databases and collections
2025-03-31 16:06:40,ERROR,Error Reloading databases and collections: get_dbs_and_collections() missing 1 required positional argument: 'db_name'
2025-03-31 16:06:40,INFO,Getting the list of databases
2025-03-31 16:06:40,INFO,Databases and collections fetched successfully
2025-03-31 16:06:47,INFO,Data fetched successfully
2025-03-31 16:13:27,INFO,Reloading databases and collections
2025-03-31 16:13:27,ERROR,Error Reloading databases and collections: get_dbs_and_collections() missing 1 required positional argument: 'db_name'
2025-03-31 16:13:27,INFO,Getting the list of databases
2025-03-31 16:13:27,INFO,Databases and collections fetched successfully
2025-03-31 16:13:34,INFO,Data fetched successfully
2025-03-31 16:13:37,INFO,Data fetched successfully
2025-03-31 16:27:25,INFO,Reloading databases and collections
2025-03-31 16:27:25,ERROR,Error Reloading databases and collections: get_dbs_and_collections() missing 1 required positional argument: 'db_name'
2025-03-31 16:27:25,INFO,Getting the list of databases
2025-03-31 16:27:25,INFO,Databases and collections fetched successfully
2025-03-31 16:27:32,INFO,Data fetched successfully
2025-03-31 19:16:02,INFO,Reloading databases and collections
2025-03-31 19:16:02,ERROR,Error Reloading databases and collections: get_dbs_and_collections() missing 1 required positional argument: 'db_name'
2025-03-31 19:16:02,INFO,Getting the list of databases
2025-03-31 19:16:02,INFO,Databases and collections fetched successfully
2025-03-31 19:16:10,INFO,Data fetched successfully
2025-03-31 19:16:41,INFO,Data fetched successfully
2025-03-31 19:16:52,INFO,Data fetched successfully
2025-03-31 19:28:17,INFO,Reloading databases and collections
2025-03-31 19:28:17,ERROR,Error Reloading databases and collections: get_dbs_and_collections() missing 1 required positional argument: 'db_name'
2025-03-31 19:28:17,INFO,Getting the list of databases
2025-03-31 19:28:17,INFO,Databases and collections fetched successfully
2025-03-31 19:28:20,INFO,Reloading databases and collections
2025-03-31 19:28:20,ERROR,Error Reloading databases and collections: get_dbs_and_collections() missing 1 required positional argument: 'db_name'
2025-03-31 19:28:20,INFO,Getting the list of databases
2025-03-31 19:28:20,INFO,Databases and collections fetched successfully
2025-03-31 19:28:38,INFO,Data fetched successfully
2025-03-31 19:38:32,INFO,Reloading databases and collections
2025-03-31 19:38:32,ERROR,Error Reloading databases and collections: get_dbs_and_collections() missing 1 required positional argument: 'db_name'
2025-03-31 19:38:33,INFO,Getting the list of databases
2025-03-31 19:38:33,INFO,Databases and collections fetched successfully
2025-03-31 19:38:41,INFO,Data fetched successfully
2025-03-31 19:48:15,INFO,Reloading databases and collections
2025-03-31 19:48:15,ERROR,Error Reloading databases and collections: get_dbs_and_collections() missing 1 required positional argument: 'db_name'
2025-03-31 19:48:15,INFO,Getting the list of databases
2025-03-31 19:48:15,INFO,Databases and collections fetched successfully
2025-03-31 19:48:17,INFO,Data fetched successfully
2025-03-31 19:48:22,INFO,Data fetched successfully
2025-03-31 19:51:16,INFO,Reloading databases and collections
2025-03-31 19:51:16,ERROR,Error Reloading databases and collections: get_dbs_and_collections() missing 1 required positional argument: 'db_name'
2025-03-31 19:51:16,INFO,Getting the list of databases
2025-03-31 19:51:16,INFO,Databases and collections fetched successfully
2025-03-31 19:51:24,INFO,Data fetched successfully
2025-03-31 19:53:27,INFO,Reloading databases and collections
2025-03-31 19:53:27,ERROR,Error Reloading databases and collections: get_dbs_and_collections() missing 1 required positional argument: 'db_name'
2025-03-31 19:53:27,INFO,Getting the list of databases
2025-03-31 19:53:27,INFO,Databases and collections fetched successfully
2025-03-31 19:53:29,INFO,Data fetched successfully
2025-03-31 19:53:33,INFO,Data fetched successfully
2025-03-31 20:11:29,INFO,Data fetched successfully
2025-03-31 20:11:56,ERROR,No data available for the selected parameter.
2025-03-31 20:11:59,INFO,Data fetched successfully
2025-03-31 20:12:02,ERROR,No data available for the selected parameter.
2025-03-31 20:12:32,ERROR,No data available for the selected parameter.
2025-03-31 20:12:34,ERROR,No data available for the selected parameter.
2025-04-01 10:58:44,INFO,Reloading databases and collections
2025-04-01 10:58:44,ERROR,Error Reloading databases and collections: get_dbs_and_collections() missing 1 required positional argument: 'db_name'
2025-04-01 10:58:44,INFO,Getting the list of databases
2025-04-01 10:58:44,INFO,Databases and collections fetched successfully
2025-04-01 10:58:59,INFO,Data fetched successfully
2025-04-02 11:25:05,INFO,Data fetched successfully
2025-04-02 14:12:30,INFO,Reloading databases and collections
2025-04-02 14:12:30,ERROR,Error Reloading databases and collections: get_dbs_and_collections() missing 1 required positional argument: 'db_name'
2025-04-02 14:12:30,INFO,Getting the list of databases
2025-04-02 14:12:30,INFO,Databases and collections fetched successfully
2025-04-02 14:12:34,INFO,Data fetched successfully
2025-04-03 15:38:58,INFO,Reloading databases and collections
2025-04-03 15:38:58,ERROR,Error Reloading databases and collections: get_dbs_and_collections() missing 1 required positional argument: 'db_name'
2025-04-03 15:38:58,INFO,Getting the list of databases
2025-04-03 15:38:58,INFO,Databases and collections fetched successfully
2025-04-03 15:39:05,INFO,Data fetched successfully
2025-04-27 12:12:47,INFO,Getting the list of databases
2025-04-27 12:12:47,INFO,Databases and collections fetched successfully
2025-04-27 12:13:01,INFO,Data fetched successfully
2025-04-27 12:13:57,INFO,Data fetched successfully
2025-04-27 12:17:10,INFO,Data fetched successfully
2025-05-07 09:57:16,INFO,Getting the list of databases
2025-05-07 09:57:17,INFO,Databases and collections fetched successfully
2025-05-12 09:47:58,INFO,Reloading databases and collections
2025-05-12 09:47:58,ERROR,Error Reloading databases and collections: get_dbs_and_collections() missing 1 required positional argument: 'db_name'
2025-05-12 09:47:58,INFO,Getting the list of databases
2025-05-12 09:47:58,INFO,Databases and collections fetched successfully
2025-05-12 10:51:30,INFO,Reloading databases and collections
2025-05-12 10:51:30,ERROR,Error Reloading databases and collections: get_dbs_and_collections() missing 1 required positional argument: 'db_name'
2025-05-12 10:51:30,INFO,Getting the list of databases
2025-05-12 10:51:31,INFO,Databases and collections fetched successfully
2025-05-12 13:53:30,INFO,Getting the list of databases
2025-05-12 13:53:31,INFO,Databases and collections fetched successfully
2025-05-12 13:53:46,INFO,Reloading databases and collections
2025-05-12 13:53:46,ERROR,Error Reloading databases and collections: get_dbs_and_collections() missing 1 required positional argument: 'db_name'
2025-05-12 13:53:46,INFO,Getting the list of databases
2025-05-12 13:53:47,INFO,Databases and collections fetched successfully
2025-05-12 15:28:45,INFO,Getting the list of databases
2025-05-12 15:28:46,INFO,Databases and collections fetched successfully
2025-05-12 15:53:58,INFO,Reloading databases and collections
2025-05-12 15:53:58,ERROR,Error Reloading databases and collections: get_dbs_and_collections() missing 1 required positional argument: 'db_name'
2025-05-12 15:53:58,INFO,Getting the list of databases
2025-05-12 15:53:59,INFO,Databases and collections fetched successfully
2025-05-12 15:54:02,INFO,Data fetched successfully
2025-05-12 18:01:19,INFO,Getting the list of databases
2025-05-12 18:01:20,INFO,Databases and collections fetched successfully
2025-05-13 09:15:37,INFO,Data fetched successfully
2025-05-13 09:15:39,INFO,Reloading databases and collections
2025-05-13 09:15:39,ERROR,Error Reloading databases and collections: get_dbs_and_collections() missing 1 required positional argument: 'db_name'
2025-05-13 09:15:39,INFO,Getting the list of databases
2025-05-13 09:15:40,INFO,Databases and collections fetched successfully
2025-05-13 09:15:46,INFO,Data fetched successfully
2025-05-13 15:40:49,INFO,Getting the list of databases
2025-05-13 15:40:50,INFO,Databases and collections fetched successfully
2025-05-13 15:40:51,INFO,Reloading databases and collections
2025-05-13 15:40:51,ERROR,Error Reloading databases and collections: get_dbs_and_collections() missing 1 required positional argument: 'db_name'
2025-05-13 15:40:51,INFO,Getting the list of databases
2025-05-13 15:40:52,INFO,Databases and collections fetched successfully
2025-05-13 15:40:58,INFO,Data fetched successfully
2025-05-13 15:54:17,INFO,Data fetched successfully
2025-05-13 15:54:19,INFO,Reloading databases and collections
2025-05-13 15:54:19,ERROR,Error Reloading databases and collections: get_dbs_and_collections() missing 1 required positional argument: 'db_name'
2025-05-13 15:54:19,INFO,Getting the list of databases
2025-05-13 15:54:20,INFO,Databases and collections fetched successfully
2025-05-13 16:08:31,INFO,Reloading databases and collections
2025-05-13 16:08:31,ERROR,Error Reloading databases and collections: get_dbs_and_collections() missing 1 required positional argument: 'db_name'
2025-05-13 16:08:32,INFO,Getting the list of databases
2025-05-13 16:08:32,INFO,Databases and collections fetched successfully
2025-05-13 16:08:39,INFO,Data fetched successfully
2025-05-13 16:13:21,INFO,Reloading databases and collections
2025-05-13 16:13:21,ERROR,Error Reloading databases and collections: get_dbs_and_collections() missing 1 required positional argument: 'db_name'
2025-05-13 16:13:21,INFO,Getting the list of databases
2025-05-13 16:13:22,INFO,Databases and collections fetched successfully
2025-05-13 16:13:26,INFO,Data fetched successfully
2025-05-13 16:16:51,INFO,Reloading databases and collections
2025-05-13 16:16:51,ERROR,Error Reloading databases and collections: get_dbs_and_collections() missing 1 required positional argument: 'db_name'
2025-05-13 16:16:51,INFO,Getting the list of databases
2025-05-13 16:16:52,INFO,Databases and collections fetched successfully
2025-05-13 16:16:53,INFO,Data fetched successfully
2025-05-14 09:25:49,INFO,Reloading databases and collections
2025-05-14 09:25:49,ERROR,Error Reloading databases and collections: get_dbs_and_collections() missing 1 required positional argument: 'db_name'
2025-05-14 09:25:49,INFO,Getting the list of databases
2025-05-14 09:25:50,INFO,Databases and collections fetched successfully
2025-05-14 09:26:26,INFO,Data fetched successfully
2025-05-14 10:28:14,INFO,Reloading databases and collections
2025-05-14 10:28:14,ERROR,Error Reloading databases and collections: get_dbs_and_collections() missing 1 required positional argument: 'db_name'
2025-05-14 10:28:15,INFO,Getting the list of databases
2025-05-14 10:28:15,INFO,Databases and collections fetched successfully
2025-05-14 10:28:22,INFO,Data fetched successfully
2025-05-14 10:41:20,INFO,Reloading databases and collections
2025-05-14 10:41:20,ERROR,Error Reloading databases and collections: get_dbs_and_collections() missing 1 required positional argument: 'db_name'
2025-05-14 10:41:20,INFO,Getting the list of databases
2025-05-14 10:41:21,INFO,Databases and collections fetched successfully
2025-05-14 10:41:24,INFO,Data fetched successfully
2025-05-14 10:51:18,INFO,Reloading databases and collections
2025-05-14 10:51:18,ERROR,Error Reloading databases and collections: get_dbs_and_collections() missing 1 required positional argument: 'db_name'
2025-05-14 10:51:18,INFO,Getting the list of databases
2025-05-14 10:51:19,INFO,Databases and collections fetched successfully
2025-05-14 10:51:22,INFO,Data fetched successfully
2025-05-14 10:52:51,INFO,Data fetched successfully
2025-05-14 13:21:18,INFO,Reloading databases and collections
2025-05-14 13:21:18,ERROR,Error Reloading databases and collections: get_dbs_and_collections() missing 1 required positional argument: 'db_name'
2025-05-14 13:21:18,INFO,Getting the list of databases
2025-05-14 13:21:19,INFO,Databases and collections fetched successfully
2025-05-14 14:09:25,INFO,Reloading databases and collections
2025-05-14 14:09:25,ERROR,Error Reloading databases and collections: get_dbs_and_collections() missing 1 required positional argument: 'db_name'
2025-05-14 14:09:25,INFO,Getting the list of databases
2025-05-14 14:09:26,INFO,Databases and collections fetched successfully
2025-05-14 14:09:31,INFO,Data fetched successfully
2025-05-14 14:15:07,INFO,Reloading databases and collections
2025-05-14 14:15:07,ERROR,Error Reloading databases and collections: get_dbs_and_collections() missing 1 required positional argument: 'db_name'
2025-05-14 14:15:07,INFO,Getting the list of databases
2025-05-14 14:15:08,INFO,Databases and collections fetched successfully
2025-05-14 14:15:12,INFO,Data fetched successfully
2025-05-14 14:15:30,INFO,Data fetched successfully
2025-05-14 14:39:51,INFO,Data fetched successfully
2025-05-14 14:39:53,INFO,Reloading databases and collections
2025-05-14 14:39:53,ERROR,Error Reloading databases and collections: get_dbs_and_collections() missing 1 required positional argument: 'db_name'
2025-05-14 14:39:53,INFO,Getting the list of databases
2025-05-14 14:39:54,INFO,Databases and collections fetched successfully
2025-05-14 14:39:59,INFO,Data fetched successfully
2025-05-14 15:22:43,INFO,Reloading databases and collections
2025-05-14 15:22:43,ERROR,Error Reloading databases and collections: get_dbs_and_collections() missing 1 required positional argument: 'db_name'
2025-05-14 15:22:43,INFO,Getting the list of databases
2025-05-14 15:22:44,INFO,Databases and collections fetched successfully
2025-05-14 15:22:48,INFO,Data fetched successfully
2025-05-15 10:15:55,INFO,Reloading databases and collections
2025-05-15 10:15:55,ERROR,Error Reloading databases and collections: get_dbs_and_collections() missing 1 required positional argument: 'db_name'
2025-05-15 10:15:55,INFO,Getting the list of databases
2025-05-15 10:15:55,INFO,Databases and collections fetched successfully
2025-05-15 10:16:00,INFO,Data fetched successfully
2025-05-15 10:16:10,INFO,Data fetched successfully
